{"C:\\Users\\Vivo\\Desktop\\dev\\fullstack-javascript-project-46\\src\\compare.js": {"path":"C:\\Users\\Vivo\\Desktop\\dev\\fullstack-javascript-project-46\\src\\compare.js","all":false,"statementMap":{"0":{"start":{"line":1,"column":0},"end":{"line":1,"column":23}},"1":{"start":{"line":2,"column":0},"end":{"line":2,"column":0}},"2":{"start":{"line":3,"column":0},"end":{"line":3,"column":58}},"3":{"start":{"line":4,"column":0},"end":{"line":4,"column":0}},"4":{"start":{"line":5,"column":0},"end":{"line":5,"column":34}},"5":{"start":{"line":6,"column":0},"end":{"line":6,"column":31}},"6":{"start":{"line":7,"column":0},"end":{"line":7,"column":31}},"7":{"start":{"line":8,"column":0},"end":{"line":8,"column":37}},"8":{"start":{"line":9,"column":0},"end":{"line":9,"column":0}},"9":{"start":{"line":10,"column":0},"end":{"line":10,"column":21}},"10":{"start":{"line":11,"column":0},"end":{"line":11,"column":25}},"11":{"start":{"line":12,"column":0},"end":{"line":12,"column":37}},"12":{"start":{"line":13,"column":0},"end":{"line":13,"column":46}},"13":{"start":{"line":14,"column":0},"end":{"line":14,"column":44}},"14":{"start":{"line":15,"column":0},"end":{"line":15,"column":46}},"15":{"start":{"line":16,"column":0},"end":{"line":16,"column":43}},"16":{"start":{"line":17,"column":0},"end":{"line":17,"column":46}},"17":{"start":{"line":18,"column":0},"end":{"line":18,"column":46}},"18":{"start":{"line":19,"column":0},"end":{"line":19,"column":12}},"19":{"start":{"line":20,"column":0},"end":{"line":20,"column":46}},"20":{"start":{"line":21,"column":0},"end":{"line":21,"column":5}},"21":{"start":{"line":22,"column":0},"end":{"line":22,"column":5}},"22":{"start":{"line":23,"column":0},"end":{"line":23,"column":16}},"23":{"start":{"line":24,"column":0},"end":{"line":24,"column":0}},"24":{"start":{"line":25,"column":0},"end":{"line":25,"column":16}},"25":{"start":{"line":26,"column":0},"end":{"line":26,"column":2}}},"s":{"0":1,"1":1,"2":1,"3":1,"4":1,"5":1,"6":1,"7":1,"8":1,"9":1,"10":1,"11":5,"12":1,"13":5,"14":2,"15":2,"16":1,"17":1,"18":1,"19":1,"20":1,"21":1,"22":1,"23":1,"24":1,"25":1},"branchMap":{"0":{"type":"branch","line":3,"loc":{"start":{"line":3,"column":17},"end":{"line":3,"column":57}},"locations":[{"start":{"line":3,"column":17},"end":{"line":3,"column":57}}]},"1":{"type":"branch","line":5,"loc":{"start":{"line":5,"column":15},"end":{"line":26,"column":2}},"locations":[{"start":{"line":5,"column":15},"end":{"line":26,"column":2}}]},"2":{"type":"branch","line":11,"loc":{"start":{"line":11,"column":16},"end":{"line":22,"column":3}},"locations":[{"start":{"line":11,"column":16},"end":{"line":22,"column":3}}]},"3":{"type":"branch","line":12,"loc":{"start":{"line":12,"column":36},"end":{"line":14,"column":5}},"locations":[{"start":{"line":12,"column":36},"end":{"line":14,"column":5}}]},"4":{"type":"branch","line":14,"loc":{"start":{"line":14,"column":5},"end":{"line":21,"column":5}},"locations":[{"start":{"line":14,"column":5},"end":{"line":21,"column":5}}]},"5":{"type":"branch","line":14,"loc":{"start":{"line":14,"column":43},"end":{"line":21,"column":5}},"locations":[{"start":{"line":14,"column":43},"end":{"line":21,"column":5}}]},"6":{"type":"branch","line":16,"loc":{"start":{"line":16,"column":42},"end":{"line":21,"column":5}},"locations":[{"start":{"line":16,"column":42},"end":{"line":21,"column":5}}]}},"b":{"0":[2],"1":[1],"2":[5],"3":[1],"4":[4],"5":[2],"6":[1]},"fnMap":{"0":{"name":"getKeys","decl":{"start":{"line":3,"column":17},"end":{"line":3,"column":57}},"loc":{"start":{"line":3,"column":17},"end":{"line":3,"column":57}},"line":3},"1":{"name":"default","decl":{"start":{"line":5,"column":15},"end":{"line":26,"column":2}},"loc":{"start":{"line":5,"column":15},"end":{"line":26,"column":2}},"line":5}},"f":{"0":2,"1":1}}
,"C:\\Users\\Vivo\\Desktop\\dev\\fullstack-javascript-project-46\\src\\index.js": {"path":"C:\\Users\\Vivo\\Desktop\\dev\\fullstack-javascript-project-46\\src\\index.js","all":false,"statementMap":{"0":{"start":{"line":1,"column":0},"end":{"line":1,"column":20}},"1":{"start":{"line":2,"column":0},"end":{"line":2,"column":24}},"2":{"start":{"line":3,"column":0},"end":{"line":3,"column":32}},"3":{"start":{"line":4,"column":0},"end":{"line":4,"column":35}},"4":{"start":{"line":5,"column":0},"end":{"line":5,"column":0}},"5":{"start":{"line":6,"column":0},"end":{"line":6,"column":68}},"6":{"start":{"line":7,"column":0},"end":{"line":7,"column":61}},"7":{"start":{"line":8,"column":0},"end":{"line":8,"column":0}},"8":{"start":{"line":9,"column":0},"end":{"line":9,"column":36}},"9":{"start":{"line":10,"column":0},"end":{"line":10,"column":49}},"10":{"start":{"line":11,"column":0},"end":{"line":11,"column":53}},"11":{"start":{"line":12,"column":0},"end":{"line":12,"column":43}},"12":{"start":{"line":13,"column":0},"end":{"line":13,"column":32}},"13":{"start":{"line":14,"column":0},"end":{"line":14,"column":1}},"14":{"start":{"line":15,"column":0},"end":{"line":15,"column":0}},"15":{"start":{"line":16,"column":0},"end":{"line":16,"column":40}},"16":{"start":{"line":17,"column":0},"end":{"line":17,"column":43}},"17":{"start":{"line":18,"column":0},"end":{"line":18,"column":43}},"18":{"start":{"line":19,"column":0},"end":{"line":19,"column":39}},"19":{"start":{"line":20,"column":0},"end":{"line":20,"column":16}},"20":{"start":{"line":21,"column":0},"end":{"line":21,"column":1}},"21":{"start":{"line":22,"column":0},"end":{"line":22,"column":0}},"22":{"start":{"line":23,"column":0},"end":{"line":23,"column":23}}},"s":{"0":1,"1":1,"2":1,"3":1,"4":1,"5":1,"6":1,"7":1,"8":2,"9":2,"10":2,"11":2,"12":2,"13":2,"14":1,"15":1,"16":1,"17":1,"18":1,"19":1,"20":1,"21":1,"22":1},"branchMap":{"0":{"type":"branch","line":6,"loc":{"start":{"line":6,"column":25},"end":{"line":6,"column":67}},"locations":[{"start":{"line":6,"column":25},"end":{"line":6,"column":67}}]},"1":{"type":"branch","line":7,"loc":{"start":{"line":7,"column":23},"end":{"line":7,"column":60}},"locations":[{"start":{"line":7,"column":23},"end":{"line":7,"column":60}}]},"2":{"type":"branch","line":9,"loc":{"start":{"line":9,"column":0},"end":{"line":14,"column":1}},"locations":[{"start":{"line":9,"column":0},"end":{"line":14,"column":1}}]},"3":{"type":"branch","line":16,"loc":{"start":{"line":16,"column":0},"end":{"line":21,"column":1}},"locations":[{"start":{"line":16,"column":0},"end":{"line":21,"column":1}}]}},"b":{"0":[2],"1":[2],"2":[2],"3":[1]},"fnMap":{"0":{"name":"getAbsolutePath","decl":{"start":{"line":6,"column":25},"end":{"line":6,"column":67}},"loc":{"start":{"line":6,"column":25},"end":{"line":6,"column":67}},"line":6},"1":{"name":"getExtension","decl":{"start":{"line":7,"column":23},"end":{"line":7,"column":60}},"loc":{"start":{"line":7,"column":23},"end":{"line":7,"column":60}},"line":7},"2":{"name":"getDataFromFile","decl":{"start":{"line":9,"column":0},"end":{"line":14,"column":1}},"loc":{"start":{"line":9,"column":0},"end":{"line":14,"column":1}},"line":9},"3":{"name":"genDiff","decl":{"start":{"line":16,"column":0},"end":{"line":21,"column":1}},"loc":{"start":{"line":16,"column":0},"end":{"line":21,"column":1}},"line":16}},"f":{"0":2,"1":2,"2":2,"3":1}}
,"C:\\Users\\Vivo\\Desktop\\dev\\fullstack-javascript-project-46\\src\\parser.js": {"path":"C:\\Users\\Vivo\\Desktop\\dev\\fullstack-javascript-project-46\\src\\parser.js","all":false,"statementMap":{"0":{"start":{"line":1,"column":0},"end":{"line":1,"column":41}},"1":{"start":{"line":2,"column":0},"end":{"line":2,"column":22}},"2":{"start":{"line":3,"column":0},"end":{"line":3,"column":16}},"3":{"start":{"line":4,"column":0},"end":{"line":4,"column":34}},"4":{"start":{"line":5,"column":0},"end":{"line":5,"column":12}},"5":{"start":{"line":6,"column":0},"end":{"line":6,"column":88}},"6":{"start":{"line":7,"column":0},"end":{"line":7,"column":3}},"7":{"start":{"line":8,"column":0},"end":{"line":8,"column":2}}},"s":{"0":1,"1":2,"2":2,"3":2,"4":2,"5":0,"6":2,"7":2},"branchMap":{"0":{"type":"branch","line":1,"loc":{"start":{"line":1,"column":15},"end":{"line":8,"column":2}},"locations":[{"start":{"line":1,"column":15},"end":{"line":8,"column":2}}]},"1":{"type":"branch","line":5,"loc":{"start":{"line":5,"column":4},"end":{"line":6,"column":88}},"locations":[{"start":{"line":5,"column":4},"end":{"line":6,"column":88}}]}},"b":{"0":[2],"1":[0]},"fnMap":{"0":{"name":"default","decl":{"start":{"line":1,"column":15},"end":{"line":8,"column":2}},"loc":{"start":{"line":1,"column":15},"end":{"line":8,"column":2}},"line":1}},"f":{"0":2}}
}
