TN:
SF:src\compare.js
FN:3,getKeys
FN:5,default
FNF:2
FNH:2
FNDA:2,getKeys
FNDA:1,default
DA:1,1
DA:2,1
DA:3,1
DA:4,1
DA:5,1
DA:6,1
DA:7,1
DA:8,1
DA:9,1
DA:10,1
DA:11,1
DA:12,5
DA:13,1
DA:14,5
DA:15,2
DA:16,2
DA:17,1
DA:18,1
DA:19,1
DA:20,1
DA:21,1
DA:22,1
DA:23,1
DA:24,1
DA:25,1
DA:26,1
LF:26
LH:26
BRDA:3,0,0,2
BRDA:5,1,0,1
BRDA:11,2,0,5
BRDA:12,3,0,1
BRDA:14,4,0,4
BRDA:14,5,0,2
BRDA:16,6,0,1
BRF:7
BRH:7
end_of_record
TN:
SF:src\index.js
FN:6,getAbsolutePath
FN:7,getExtension
FN:9,getDataFromFile
FN:16,genDiff
FNF:4
FNH:4
FNDA:2,getAbsolutePath
FNDA:2,getExtension
FNDA:2,getDataFromFile
FNDA:1,genDiff
DA:1,1
DA:2,1
DA:3,1
DA:4,1
DA:5,1
DA:6,1
DA:7,1
DA:8,1
DA:9,2
DA:10,2
DA:11,2
DA:12,2
DA:13,2
DA:14,2
DA:15,1
DA:16,1
DA:17,1
DA:18,1
DA:19,1
DA:20,1
DA:21,1
DA:22,1
DA:23,1
LF:23
LH:23
BRDA:6,0,0,2
BRDA:7,1,0,2
BRDA:9,2,0,2
BRDA:16,3,0,1
BRF:4
BRH:4
end_of_record
TN:
SF:src\parser.js
FN:1,default
FNF:1
FNH:1
FNDA:2,default
DA:1,1
DA:2,2
DA:3,2
DA:4,2
DA:5,2
DA:6,0
DA:7,2
DA:8,2
LF:8
LH:7
BRDA:1,0,0,2
BRDA:5,1,0,0
BRF:2
BRH:1
end_of_record
