TN:
SF:src\compare.js
FN:3,getKeys
FN:5,default
FNF:2
FNH:2
FNDA:4,getKeys
FNDA:2,default
DA:1,1
DA:2,1
DA:3,1
DA:4,1
DA:5,1
DA:6,2
DA:7,2
DA:8,2
DA:9,2
DA:10,2
DA:11,2
DA:12,10
DA:13,2
DA:14,10
DA:15,4
DA:16,4
DA:17,2
DA:18,2
DA:19,2
DA:20,2
DA:21,2
DA:22,2
DA:23,2
DA:24,2
DA:25,2
DA:26,2
LF:26
LH:26
BRDA:3,0,0,4
BRDA:5,1,0,2
BRDA:11,2,0,10
BRDA:12,3,0,2
BRDA:14,4,0,8
BRDA:14,5,0,4
BRDA:16,6,0,2
BRF:7
BRH:7
end_of_record
TN:
SF:src\index.js
FN:6,getAbsolutePath
FN:7,getExtension
FN:9,getDataFromFile
FN:16,genDiff
FNF:4
FNH:4
FNDA:4,getAbsolutePath
FNDA:4,getExtension
FNDA:4,getDataFromFile
FNDA:2,genDiff
DA:1,1
DA:2,1
DA:3,1
DA:4,1
DA:5,1
DA:6,1
DA:7,1
DA:8,1
DA:9,4
DA:10,4
DA:11,4
DA:12,4
DA:13,4
DA:14,4
DA:15,1
DA:16,2
DA:17,2
DA:18,2
DA:19,2
DA:20,2
DA:21,2
DA:22,1
DA:23,1
LF:23
LH:23
BRDA:6,0,0,4
BRDA:7,1,0,4
BRDA:9,2,0,4
BRDA:16,3,0,2
BRF:4
BRH:4
end_of_record
TN:
SF:src\parsers.js
FN:3,default
FNF:1
FNH:1
FNDA:4,default
DA:1,1
DA:2,1
DA:3,1
DA:4,4
DA:5,4
DA:6,2
DA:7,4
DA:8,2
DA:9,4
DA:10,0
DA:11,4
DA:12,4
LF:12
LH:11
BRDA:3,0,0,4
BRDA:5,1,0,2
BRDA:7,2,0,2
BRDA:7,3,0,0
BRDA:9,4,0,0
BRF:5
BRH:3
end_of_record
